2022-04-28T09:23:21,378 - CPUUtilization.Percent:100.0|#Level:Host|#hostname:1-8-1-cpu-py36-ml-t3-medium-1290f598ee5787c8b7e772204dea,timestamp:1651137801
2022-04-28T09:23:21,381 - DiskAvailable.Gigabytes:26.384445190429688|#Level:Host|#hostname:1-8-1-cpu-py36-ml-t3-medium-1290f598ee5787c8b7e772204dea,timestamp:1651137801
2022-04-28T09:23:21,382 - DiskUsage.Gigabytes:0.6155548095703125|#Level:Host|#hostname:1-8-1-cpu-py36-ml-t3-medium-1290f598ee5787c8b7e772204dea,timestamp:1651137801
2022-04-28T09:23:21,383 - DiskUtilization.Percent:2.3|#Level:Host|#hostname:1-8-1-cpu-py36-ml-t3-medium-1290f598ee5787c8b7e772204dea,timestamp:1651137801
2022-04-28T09:23:21,384 - MemoryAvailable.Megabytes:1398.01953125|#Level:Host|#hostname:1-8-1-cpu-py36-ml-t3-medium-1290f598ee5787c8b7e772204dea,timestamp:1651137801
2022-04-28T09:23:21,385 - MemoryUsed.Megabytes:2274.80859375|#Level:Host|#hostname:1-8-1-cpu-py36-ml-t3-medium-1290f598ee5787c8b7e772204dea,timestamp:1651137801
2022-04-28T09:23:21,386 - MemoryUtilization.Percent:64.0|#Level:Host|#hostname:1-8-1-cpu-py36-ml-t3-medium-1290f598ee5787c8b7e772204dea,timestamp:1651137801
2022-04-28T09:23:53,379 - CPUUtilization.Percent:100.0|#Level:Host|#hostname:1-8-1-cpu-py36-ml-t3-medium-1290f598ee5787c8b7e772204dea,timestamp:1651137833
2022-04-28T09:23:53,389 - DiskAvailable.Gigabytes:26.384445190429688|#Level:Host|#hostname:1-8-1-cpu-py36-ml-t3-medium-1290f598ee5787c8b7e772204dea,timestamp:1651137833
2022-04-28T09:23:53,391 - DiskUsage.Gigabytes:0.6155548095703125|#Level:Host|#hostname:1-8-1-cpu-py36-ml-t3-medium-1290f598ee5787c8b7e772204dea,timestamp:1651137833
2022-04-28T09:23:53,392 - DiskUtilization.Percent:2.3|#Level:Host|#hostname:1-8-1-cpu-py36-ml-t3-medium-1290f598ee5787c8b7e772204dea,timestamp:1651137833
2022-04-28T09:23:53,393 - MemoryAvailable.Megabytes:1428.19140625|#Level:Host|#hostname:1-8-1-cpu-py36-ml-t3-medium-1290f598ee5787c8b7e772204dea,timestamp:1651137833
2022-04-28T09:23:53,394 - MemoryUsed.Megabytes:2244.6640625|#Level:Host|#hostname:1-8-1-cpu-py36-ml-t3-medium-1290f598ee5787c8b7e772204dea,timestamp:1651137833
2022-04-28T09:23:53,395 - MemoryUtilization.Percent:63.2|#Level:Host|#hostname:1-8-1-cpu-py36-ml-t3-medium-1290f598ee5787c8b7e772204dea,timestamp:1651137833
2022-04-28T09:24:06,189 - W-9000-my_tc_1.0.ms:13817|#Level:Host|#hostname:Unknown,timestamp:1651137846
2022-04-28T09:24:06,197 - WorkerThreadTime.ms:120|#Level:Host|#hostname:Unknown,timestamp:null
2022-04-28T09:24:06,474 - W-9001-my_tc_1.0.ms:14096|#Level:Host|#hostname:Unknown,timestamp:1651137846
2022-04-28T09:24:06,475 - WorkerThreadTime.ms:59|#Level:Host|#hostname:Unknown,timestamp:null
2022-04-28T09:24:50,387 - Requests2XX.Count:1|#Level:Host|#hostname:Unknown,timestamp:null
2022-04-28T09:24:50,389 - QueueTime.ms:0|#Level:Host|#hostname:Unknown,timestamp:null
2022-04-28T09:24:50,390 - WorkerThreadTime.ms:8|#Level:Host|#hostname:Unknown,timestamp:null
2022-04-28T09:24:53,222 - CPUUtilization.Percent:0.0|#Level:Host|#hostname:1-8-1-cpu-py36-ml-t3-medium-1290f598ee5787c8b7e772204dea,timestamp:1651137893
2022-04-28T09:24:53,223 - DiskAvailable.Gigabytes:26.384445190429688|#Level:Host|#hostname:1-8-1-cpu-py36-ml-t3-medium-1290f598ee5787c8b7e772204dea,timestamp:1651137893
2022-04-28T09:24:53,223 - DiskUsage.Gigabytes:0.6155548095703125|#Level:Host|#hostname:1-8-1-cpu-py36-ml-t3-medium-1290f598ee5787c8b7e772204dea,timestamp:1651137893
2022-04-28T09:24:53,223 - DiskUtilization.Percent:2.3|#Level:Host|#hostname:1-8-1-cpu-py36-ml-t3-medium-1290f598ee5787c8b7e772204dea,timestamp:1651137893
2022-04-28T09:24:53,223 - MemoryAvailable.Megabytes:1062.12890625|#Level:Host|#hostname:1-8-1-cpu-py36-ml-t3-medium-1290f598ee5787c8b7e772204dea,timestamp:1651137893
2022-04-28T09:24:53,223 - MemoryUsed.Megabytes:2610.50390625|#Level:Host|#hostname:1-8-1-cpu-py36-ml-t3-medium-1290f598ee5787c8b7e772204dea,timestamp:1651137893
2022-04-28T09:24:53,224 - MemoryUtilization.Percent:72.7|#Level:Host|#hostname:1-8-1-cpu-py36-ml-t3-medium-1290f598ee5787c8b7e772204dea,timestamp:1651137893
2022-04-28T09:25:11,121 - CPUUtilization.Percent:0.0|#Level:Host|#hostname:1-8-1-cpu-py36-ml-t3-medium-1290f598ee5787c8b7e772204dea,timestamp:1651137911
2022-04-28T09:25:11,123 - DiskAvailable.Gigabytes:26.384445190429688|#Level:Host|#hostname:1-8-1-cpu-py36-ml-t3-medium-1290f598ee5787c8b7e772204dea,timestamp:1651137911
2022-04-28T09:25:11,124 - DiskUsage.Gigabytes:0.6155548095703125|#Level:Host|#hostname:1-8-1-cpu-py36-ml-t3-medium-1290f598ee5787c8b7e772204dea,timestamp:1651137911
2022-04-28T09:25:11,124 - DiskUtilization.Percent:2.3|#Level:Host|#hostname:1-8-1-cpu-py36-ml-t3-medium-1290f598ee5787c8b7e772204dea,timestamp:1651137911
2022-04-28T09:25:11,124 - MemoryAvailable.Megabytes:1399.1875|#Level:Host|#hostname:1-8-1-cpu-py36-ml-t3-medium-1290f598ee5787c8b7e772204dea,timestamp:1651137911
2022-04-28T09:25:11,125 - MemoryUsed.Megabytes:2275.66796875|#Level:Host|#hostname:1-8-1-cpu-py36-ml-t3-medium-1290f598ee5787c8b7e772204dea,timestamp:1651137911
2022-04-28T09:25:11,125 - MemoryUtilization.Percent:64.0|#Level:Host|#hostname:1-8-1-cpu-py36-ml-t3-medium-1290f598ee5787c8b7e772204dea,timestamp:1651137911
2022-04-28T09:25:24,088 - W-9000-my_tc_1.0.ms:13855|#Level:Host|#hostname:Unknown,timestamp:1651137924
2022-04-28T09:25:24,091 - WorkerThreadTime.ms:123|#Level:Host|#hostname:Unknown,timestamp:null
2022-04-28T09:25:24,204 - W-9001-my_tc_1.0.ms:13967|#Level:Host|#hostname:Unknown,timestamp:1651137924
2022-04-28T09:25:24,205 - WorkerThreadTime.ms:77|#Level:Host|#hostname:Unknown,timestamp:null
2022-04-28T09:25:25,011 - Requests2XX.Count:1|#Level:Host|#hostname:Unknown,timestamp:null
2022-04-28T09:25:25,012 - QueueTime.ms:4300|#Level:Host|#hostname:Unknown,timestamp:null
2022-04-28T09:25:25,012 - WorkerThreadTime.ms:13|#Level:Host|#hostname:Unknown,timestamp:null
2022-04-28T09:26:11,013 - CPUUtilization.Percent:0.0|#Level:Host|#hostname:1-8-1-cpu-py36-ml-t3-medium-1290f598ee5787c8b7e772204dea,timestamp:1651137971
2022-04-28T09:26:11,017 - DiskAvailable.Gigabytes:26.384445190429688|#Level:Host|#hostname:1-8-1-cpu-py36-ml-t3-medium-1290f598ee5787c8b7e772204dea,timestamp:1651137971
2022-04-28T09:26:11,017 - DiskUsage.Gigabytes:0.6155548095703125|#Level:Host|#hostname:1-8-1-cpu-py36-ml-t3-medium-1290f598ee5787c8b7e772204dea,timestamp:1651137971
2022-04-28T09:26:11,018 - DiskUtilization.Percent:2.3|#Level:Host|#hostname:1-8-1-cpu-py36-ml-t3-medium-1290f598ee5787c8b7e772204dea,timestamp:1651137971
2022-04-28T09:26:11,018 - MemoryAvailable.Megabytes:1072.2421875|#Level:Host|#hostname:1-8-1-cpu-py36-ml-t3-medium-1290f598ee5787c8b7e772204dea,timestamp:1651137971
2022-04-28T09:26:11,018 - MemoryUsed.Megabytes:2601.80859375|#Level:Host|#hostname:1-8-1-cpu-py36-ml-t3-medium-1290f598ee5787c8b7e772204dea,timestamp:1651137971
2022-04-28T09:26:11,018 - MemoryUtilization.Percent:72.4|#Level:Host|#hostname:1-8-1-cpu-py36-ml-t3-medium-1290f598ee5787c8b7e772204dea,timestamp:1651137971
2022-04-28T09:27:11,057 - CPUUtilization.Percent:0.0|#Level:Host|#hostname:1-8-1-cpu-py36-ml-t3-medium-1290f598ee5787c8b7e772204dea,timestamp:1651138031
2022-04-28T09:27:11,062 - DiskAvailable.Gigabytes:26.384445190429688|#Level:Host|#hostname:1-8-1-cpu-py36-ml-t3-medium-1290f598ee5787c8b7e772204dea,timestamp:1651138031
2022-04-28T09:27:11,063 - DiskUsage.Gigabytes:0.6155548095703125|#Level:Host|#hostname:1-8-1-cpu-py36-ml-t3-medium-1290f598ee5787c8b7e772204dea,timestamp:1651138031
2022-04-28T09:27:11,063 - DiskUtilization.Percent:2.3|#Level:Host|#hostname:1-8-1-cpu-py36-ml-t3-medium-1290f598ee5787c8b7e772204dea,timestamp:1651138031
2022-04-28T09:27:11,064 - MemoryAvailable.Megabytes:1071.6875|#Level:Host|#hostname:1-8-1-cpu-py36-ml-t3-medium-1290f598ee5787c8b7e772204dea,timestamp:1651138031
2022-04-28T09:27:11,064 - MemoryUsed.Megabytes:2602.35546875|#Level:Host|#hostname:1-8-1-cpu-py36-ml-t3-medium-1290f598ee5787c8b7e772204dea,timestamp:1651138031
2022-04-28T09:27:11,065 - MemoryUtilization.Percent:72.4|#Level:Host|#hostname:1-8-1-cpu-py36-ml-t3-medium-1290f598ee5787c8b7e772204dea,timestamp:1651138031
2022-04-28T09:28:11,029 - CPUUtilization.Percent:0.0|#Level:Host|#hostname:1-8-1-cpu-py36-ml-t3-medium-1290f598ee5787c8b7e772204dea,timestamp:1651138091
2022-04-28T09:28:11,033 - DiskAvailable.Gigabytes:26.384445190429688|#Level:Host|#hostname:1-8-1-cpu-py36-ml-t3-medium-1290f598ee5787c8b7e772204dea,timestamp:1651138091
2022-04-28T09:28:11,035 - DiskUsage.Gigabytes:0.6155548095703125|#Level:Host|#hostname:1-8-1-cpu-py36-ml-t3-medium-1290f598ee5787c8b7e772204dea,timestamp:1651138091
2022-04-28T09:28:11,041 - DiskUtilization.Percent:2.3|#Level:Host|#hostname:1-8-1-cpu-py36-ml-t3-medium-1290f598ee5787c8b7e772204dea,timestamp:1651138091
2022-04-28T09:28:11,042 - MemoryAvailable.Megabytes:1071.96875|#Level:Host|#hostname:1-8-1-cpu-py36-ml-t3-medium-1290f598ee5787c8b7e772204dea,timestamp:1651138091
2022-04-28T09:28:11,043 - MemoryUsed.Megabytes:2602.1953125|#Level:Host|#hostname:1-8-1-cpu-py36-ml-t3-medium-1290f598ee5787c8b7e772204dea,timestamp:1651138091
2022-04-28T09:28:11,043 - MemoryUtilization.Percent:72.4|#Level:Host|#hostname:1-8-1-cpu-py36-ml-t3-medium-1290f598ee5787c8b7e772204dea,timestamp:1651138091
2022-04-28T09:29:11,004 - CPUUtilization.Percent:0.0|#Level:Host|#hostname:1-8-1-cpu-py36-ml-t3-medium-1290f598ee5787c8b7e772204dea,timestamp:1651138151
2022-04-28T09:29:11,007 - DiskAvailable.Gigabytes:26.383960723876953|#Level:Host|#hostname:1-8-1-cpu-py36-ml-t3-medium-1290f598ee5787c8b7e772204dea,timestamp:1651138151
2022-04-28T09:29:11,007 - DiskUsage.Gigabytes:0.6160392761230469|#Level:Host|#hostname:1-8-1-cpu-py36-ml-t3-medium-1290f598ee5787c8b7e772204dea,timestamp:1651138151
2022-04-28T09:29:11,007 - DiskUtilization.Percent:2.3|#Level:Host|#hostname:1-8-1-cpu-py36-ml-t3-medium-1290f598ee5787c8b7e772204dea,timestamp:1651138151
2022-04-28T09:29:11,008 - MemoryAvailable.Megabytes:1069.953125|#Level:Host|#hostname:1-8-1-cpu-py36-ml-t3-medium-1290f598ee5787c8b7e772204dea,timestamp:1651138151
2022-04-28T09:29:11,008 - MemoryUsed.Megabytes:2605.265625|#Level:Host|#hostname:1-8-1-cpu-py36-ml-t3-medium-1290f598ee5787c8b7e772204dea,timestamp:1651138151
2022-04-28T09:29:11,008 - MemoryUtilization.Percent:72.5|#Level:Host|#hostname:1-8-1-cpu-py36-ml-t3-medium-1290f598ee5787c8b7e772204dea,timestamp:1651138151
2022-04-28T09:30:11,063 - CPUUtilization.Percent:100.0|#Level:Host|#hostname:1-8-1-cpu-py36-ml-t3-medium-1290f598ee5787c8b7e772204dea,timestamp:1651138211
2022-04-28T09:30:11,067 - DiskAvailable.Gigabytes:26.383960723876953|#Level:Host|#hostname:1-8-1-cpu-py36-ml-t3-medium-1290f598ee5787c8b7e772204dea,timestamp:1651138211
2022-04-28T09:30:11,068 - DiskUsage.Gigabytes:0.6160392761230469|#Level:Host|#hostname:1-8-1-cpu-py36-ml-t3-medium-1290f598ee5787c8b7e772204dea,timestamp:1651138211
2022-04-28T09:30:11,071 - DiskUtilization.Percent:2.3|#Level:Host|#hostname:1-8-1-cpu-py36-ml-t3-medium-1290f598ee5787c8b7e772204dea,timestamp:1651138211
2022-04-28T09:30:11,073 - MemoryAvailable.Megabytes:1066.734375|#Level:Host|#hostname:1-8-1-cpu-py36-ml-t3-medium-1290f598ee5787c8b7e772204dea,timestamp:1651138211
2022-04-28T09:30:11,074 - MemoryUsed.Megabytes:2608.71484375|#Level:Host|#hostname:1-8-1-cpu-py36-ml-t3-medium-1290f598ee5787c8b7e772204dea,timestamp:1651138211
2022-04-28T09:30:11,075 - MemoryUtilization.Percent:72.5|#Level:Host|#hostname:1-8-1-cpu-py36-ml-t3-medium-1290f598ee5787c8b7e772204dea,timestamp:1651138211
2022-04-28T09:31:11,013 - CPUUtilization.Percent:0.0|#Level:Host|#hostname:1-8-1-cpu-py36-ml-t3-medium-1290f598ee5787c8b7e772204dea,timestamp:1651138271
2022-04-28T09:31:11,017 - DiskAvailable.Gigabytes:26.383960723876953|#Level:Host|#hostname:1-8-1-cpu-py36-ml-t3-medium-1290f598ee5787c8b7e772204dea,timestamp:1651138271
2022-04-28T09:31:11,017 - DiskUsage.Gigabytes:0.6160392761230469|#Level:Host|#hostname:1-8-1-cpu-py36-ml-t3-medium-1290f598ee5787c8b7e772204dea,timestamp:1651138271
2022-04-28T09:31:11,017 - DiskUtilization.Percent:2.3|#Level:Host|#hostname:1-8-1-cpu-py36-ml-t3-medium-1290f598ee5787c8b7e772204dea,timestamp:1651138271
2022-04-28T09:31:11,017 - MemoryAvailable.Megabytes:1071.07421875|#Level:Host|#hostname:1-8-1-cpu-py36-ml-t3-medium-1290f598ee5787c8b7e772204dea,timestamp:1651138271
2022-04-28T09:31:11,018 - MemoryUsed.Megabytes:2604.39453125|#Level:Host|#hostname:1-8-1-cpu-py36-ml-t3-medium-1290f598ee5787c8b7e772204dea,timestamp:1651138271
2022-04-28T09:31:11,018 - MemoryUtilization.Percent:72.4|#Level:Host|#hostname:1-8-1-cpu-py36-ml-t3-medium-1290f598ee5787c8b7e772204dea,timestamp:1651138271
2022-04-28T09:32:11,121 - CPUUtilization.Percent:100.0|#Level:Host|#hostname:1-8-1-cpu-py36-ml-t3-medium-1290f598ee5787c8b7e772204dea,timestamp:1651138331
2022-04-28T09:32:11,127 - DiskAvailable.Gigabytes:26.383960723876953|#Level:Host|#hostname:1-8-1-cpu-py36-ml-t3-medium-1290f598ee5787c8b7e772204dea,timestamp:1651138331
2022-04-28T09:32:11,127 - DiskUsage.Gigabytes:0.6160392761230469|#Level:Host|#hostname:1-8-1-cpu-py36-ml-t3-medium-1290f598ee5787c8b7e772204dea,timestamp:1651138331
2022-04-28T09:32:11,127 - DiskUtilization.Percent:2.3|#Level:Host|#hostname:1-8-1-cpu-py36-ml-t3-medium-1290f598ee5787c8b7e772204dea,timestamp:1651138331
2022-04-28T09:32:11,127 - MemoryAvailable.Megabytes:1071.359375|#Level:Host|#hostname:1-8-1-cpu-py36-ml-t3-medium-1290f598ee5787c8b7e772204dea,timestamp:1651138331
2022-04-28T09:32:11,128 - MemoryUsed.Megabytes:2604.3046875|#Level:Host|#hostname:1-8-1-cpu-py36-ml-t3-medium-1290f598ee5787c8b7e772204dea,timestamp:1651138331
2022-04-28T09:32:11,128 - MemoryUtilization.Percent:72.4|#Level:Host|#hostname:1-8-1-cpu-py36-ml-t3-medium-1290f598ee5787c8b7e772204dea,timestamp:1651138331
